<?xml version="1.0" encoding="UTF-8"?>
<testsuite name="com.tarunguptaraja.realtimeleaderboard.domain.RankingEngineTest" tests="6" skipped="0" failures="0" errors="0" timestamp="2026-06-11T07:47:21.199Z" hostname="LAPTOP-ITCJA2MM" time="0.053">
  <properties/>
  <testcase name="testProcessScoreEvent_denseRankingAndTies" classname="com.tarunguptaraja.realtimeleaderboard.domain.RankingEngineTest" time="0.014"/>
  <testcase name="testInitialLeaderboard_isEmpty" classname="com.tarunguptaraja.realtimeleaderboard.domain.RankingEngineTest" time="0.004"/>
  <testcase name="testLastScoreChangeHighlight_onlyForActivePlayer" classname="com.tarunguptaraja.realtimeleaderboard.domain.RankingEngineTest" time="0.009"/>
  <testcase name="testScores_onlyIncrease" classname="com.tarunguptaraja.realtimeleaderboard.domain.RankingEngineTest" time="0.008"/>
  <testcase name="testProcessScoreEvent_singlePlayer" classname="com.tarunguptaraja.realtimeleaderboard.domain.RankingEngineTest" time="0.01"/>
  <testcase name="testRankMovementTracking" classname="com.tarunguptaraja.realtimeleaderboard.domain.RankingEngineTest" time="0.004"/>
  <system-out><![CDATA[]]></system-out>
  <system-err><![CDATA[]]></system-err>
</testsuite>
