<?xml version="1.0" encoding="UTF-8"?>
<testsuite name="com.tarunguptaraja.realtimeleaderboard.domain.RankingEngineTest" tests="6" skipped="0" failures="0" errors="0" timestamp="2026-06-11T07:21:30.117Z" hostname="LAPTOP-ITCJA2MM" time="0.027">
  <properties/>
  <testcase name="testProcessScoreEvent_denseRankingAndTies" classname="com.tarunguptaraja.realtimeleaderboard.domain.RankingEngineTest" time="0.006"/>
  <testcase name="testInitialLeaderboard_isEmpty" classname="com.tarunguptaraja.realtimeleaderboard.domain.RankingEngineTest" time="0.005"/>
  <testcase name="testLastScoreChangeHighlight_onlyForActivePlayer" classname="com.tarunguptaraja.realtimeleaderboard.domain.RankingEngineTest" time="0.004"/>
  <testcase name="testScores_onlyIncrease" classname="com.tarunguptaraja.realtimeleaderboard.domain.RankingEngineTest" time="0.004"/>
  <testcase name="testProcessScoreEvent_singlePlayer" classname="com.tarunguptaraja.realtimeleaderboard.domain.RankingEngineTest" time="0.004"/>
  <testcase name="testRankMovementTracking" classname="com.tarunguptaraja.realtimeleaderboard.domain.RankingEngineTest" time="0.003"/>
  <system-out><![CDATA[]]></system-out>
  <system-err><![CDATA[]]></system-err>
</testsuite>
